This is pdfTeX, Version 3.14159265-2.6-1.40.21 (TeX Live 2020) (preloaded format=pdflatex 2020.10.16)  23 OCT 2020 07:15
entering extended mode
 restricted \write18 enabled.
 %&-line parsing enabled.
**lbgfs2020_slides_inbreeding.tex
(./lbgfs2020_slides_inbreeding.tex
LaTeX2e <2020-10-01> patch level 1
L3 programming layer <2020-10-05> xparse <2020-03-03> (/Users/pvr/Library/TinyT
eX/texmf-dist/tex/latex/beamer/beamer.cls
Document Class: beamer 2020/07/22 v3.59 A class for typesetting presentations
(/Users/pvr/Library/TinyTeX/texmf-dist/tex/latex/beamer/beamerbasemodes.sty (/U
sers/pvr/Library/TinyTeX/texmf-dist/tex/latex/etoolbox/etoolbox.sty
Package: etoolbox 2020/10/05 v2.5k e-TeX tools for LaTeX (JAW)
\etb@tempcnta=\count175
)
\beamer@tempbox=\box47
\beamer@tempcount=\count176
\c@beamerpauses=\count177
(/Users/pvr/Library/TinyTeX/texmf-dist/tex/latex/beamer/beamerbasedecode.sty
\beamer@slideinframe=\count178
\beamer@minimum=\count179
\beamer@decode@box=\box48
)
\beamer@commentbox=\box49
\beamer@modecount=\count180
) (/Users/pvr/Library/TinyTeX/texmf-dist/tex/generic/iftex/ifpdf.sty
Package: ifpdf 2019/10/25 v3.4 ifpdf legacy package. Use iftex instead.
(/Users/pvr/Library/TinyTeX/texmf-dist/tex/generic/iftex/iftex.sty
Package: iftex 2020/03/06 v1.0d TeX engine tests
))
\headdp=\dimen138
\footheight=\dimen139
\sidebarheight=\dimen140
\beamer@tempdim=\dimen141
\beamer@finalheight=\dimen142
\beamer@animht=\dimen143
\beamer@animdp=\dimen144
\beamer@animwd=\dimen145
\beamer@leftmargin=\dimen146
\beamer@rightmargin=\dimen147
\beamer@leftsidebar=\dimen148
\beamer@rightsidebar=\dimen149
\beamer@boxsize=\dimen150
\beamer@vboxoffset=\dimen151
\beamer@descdefault=\dimen152
\beamer@descriptionwidth=\dimen153
\beamer@lastskip=\skip47
\beamer@areabox=\box50
\beamer@animcurrent=\box51
\beamer@animshowbox=\box52
\beamer@sectionbox=\box53
\beamer@logobox=\box54
\beamer@linebox=\box55
\beamer@sectioncount=\count181
\beamer@subsubsectionmax=\count182
\beamer@subsectionmax=\count183
\beamer@sectionmax=\count184
\beamer@totalheads=\count185
\beamer@headcounter=\count186
\beamer@partstartpage=\count187
\beamer@sectionstartpage=\count188
\beamer@subsectionstartpage=\count189
\beamer@animationtempa=\count190
\beamer@animationtempb=\count191
\beamer@xpos=\count192
\beamer@ypos=\count193
\beamer@ypos@offset=\count194
\beamer@showpartnumber=\count195
\beamer@currentsubsection=\count196
\beamer@coveringdepth=\count197
\beamer@sectionadjust=\count198
\beamer@tocsectionnumber=\count199
(/Users/pvr/Library/TinyTeX/texmf-dist/tex/latex/beamer/beamerbaseoptions.sty (
/Users/pvr/Library/TinyTeX/texmf-dist/tex/latex/graphics/keyval.sty
Package: keyval 2014/10/28 v1.15 key=value parser (DPC)
\KV@toks@=\toks15
))
\beamer@paperwidth=\skip48
\beamer@paperheight=\skip49
(/Users/pvr/Library/TinyTeX/texmf-dist/tex/latex/geometry/geometry.sty
Package: geometry 2020/01/02 v5.9 Page Geometry
(/Users/pvr/Library/TinyTeX/texmf-dist/tex/generic/iftex/ifvtex.sty
Package: ifvtex 2019/10/25 v1.7 ifvtex legacy package. Use iftex instead.
)
\Gm@cnth=\count266
\Gm@cntv=\count267
\c@Gm@tempcnt=\count268
\Gm@bindingoffset=\dimen154
\Gm@wd@mp=\dimen155
\Gm@odd@mp=\dimen156
\Gm@even@mp=\dimen157
\Gm@layoutwidth=\dimen158
\Gm@layoutheight=\dimen159
\Gm@layouthoffset=\dimen160
\Gm@layoutvoffset=\dimen161
\Gm@dimlist=\toks16
) (/Users/pvr/Library/TinyTeX/texmf-dist/tex/latex/base/size11.clo
File: size11.clo 2020/04/10 v1.4m Standard LaTeX file (size option)
) (/Users/pvr/Library/TinyTeX/texmf-dist/tex/latex/pgf/basiclayer/pgfcore.sty (
/Users/pvr/Library/TinyTeX/texmf-dist/tex/latex/graphics/graphicx.sty
Package: graphicx 2020/09/09 v1.2b Enhanced LaTeX Graphics (DPC,SPQR)
(/Users/pvr/Library/TinyTeX/texmf-dist/tex/latex/graphics/graphics.sty
Package: graphics 2020/08/30 v1.4c Standard LaTeX Graphics (DPC,SPQR)
(/Users/pvr/Library/TinyTeX/texmf-dist/tex/latex/graphics/trig.sty
Package: trig 2016/01/03 v1.10 sin cos tan (DPC)
) (/Users/pvr/Library/TinyTeX/texmf-dist/tex/latex/graphics-cfg/graphics.cfg
File: graphics.cfg 2016/06/04 v1.11 sample graphics configuration
)
Package graphics Info: Driver file: pdftex.def on input line 105.
(/Users/pvr/Library/TinyTeX/texmf-dist/tex/latex/graphics-def/pdftex.def
File: pdftex.def 2020/10/05 v1.2a Graphics/color driver for pdftex
))
\Gin@req@height=\dimen162
\Gin@req@width=\dimen163
) (/Users/pvr/Library/TinyTeX/texmf-dist/tex/latex/pgf/systemlayer/pgfsys.sty (
/Users/pvr/Library/TinyTeX/texmf-dist/tex/latex/pgf/utilities/pgfrcs.sty
(/Users/pvr/Library/TinyTeX/texmf-dist/tex/generic/pgf/utilities/pgfutil-common
.tex
\pgfutil@everybye=\toks17
\pgfutil@tempdima=\dimen164
\pgfutil@tempdimb=\dimen165

(/Users/pvr/Library/TinyTeX/texmf-dist/tex/generic/pgf/utilities/pgfutil-common
-lists.tex))
(/Users/pvr/Library/TinyTeX/texmf-dist/tex/generic/pgf/utilities/pgfutil-latex.
def
\pgfutil@abb=\box56
)
(/Users/pvr/Library/TinyTeX/texmf-dist/tex/generic/pgf/utilities/pgfrcs.code.te
x (/Users/pvr/Library/TinyTeX/texmf-dist/tex/generic/pgf/pgf.revision.tex)
Package: pgfrcs 2020/10/01 v3.1.6a (3.1.6a)
))
(/Users/pvr/Library/TinyTeX/texmf-dist/tex/generic/pgf/systemlayer/pgfsys.code.
tex
Package: pgfsys 2020/10/01 v3.1.6a (3.1.6a)

(/Users/pvr/Library/TinyTeX/texmf-dist/tex/generic/pgf/utilities/pgfkeys.code.t
ex
\pgfkeys@pathtoks=\toks18
\pgfkeys@temptoks=\toks19

(/Users/pvr/Library/TinyTeX/texmf-dist/tex/generic/pgf/utilities/pgfkeysfiltere
d.code.tex
\pgfkeys@tmptoks=\toks20
))
\pgf@x=\dimen166
\pgf@y=\dimen167
\pgf@xa=\dimen168
\pgf@ya=\dimen169
\pgf@xb=\dimen170
\pgf@yb=\dimen171
\pgf@xc=\dimen172
\pgf@yc=\dimen173
\pgf@xd=\dimen174
\pgf@yd=\dimen175
\w@pgf@writea=\write3
\r@pgf@reada=\read2
\c@pgf@counta=\count269
\c@pgf@countb=\count270
\c@pgf@countc=\count271
\c@pgf@countd=\count272
\t@pgf@toka=\toks21
\t@pgf@tokb=\toks22
\t@pgf@tokc=\toks23
\pgf@sys@id@count=\count273
(/Users/pvr/Library/TinyTeX/texmf-dist/tex/generic/pgf/systemlayer/pgf.cfg
File: pgf.cfg 2020/10/01 v3.1.6a (3.1.6a)
)
Driver file for pgf: pgfsys-pdftex.def

(/Users/pvr/Library/TinyTeX/texmf-dist/tex/generic/pgf/systemlayer/pgfsys-pdfte
x.def
File: pgfsys-pdftex.def 2020/10/01 v3.1.6a (3.1.6a)

(/Users/pvr/Library/TinyTeX/texmf-dist/tex/generic/pgf/systemlayer/pgfsys-commo
n-pdf.def
File: pgfsys-common-pdf.def 2020/10/01 v3.1.6a (3.1.6a)
)))
(/Users/pvr/Library/TinyTeX/texmf-dist/tex/generic/pgf/systemlayer/pgfsyssoftpa
th.code.tex
File: pgfsyssoftpath.code.tex 2020/10/01 v3.1.6a (3.1.6a)
\pgfsyssoftpath@smallbuffer@items=\count274
\pgfsyssoftpath@bigbuffer@items=\count275
)
(/Users/pvr/Library/TinyTeX/texmf-dist/tex/generic/pgf/systemlayer/pgfsysprotoc
ol.code.tex
File: pgfsysprotocol.code.tex 2020/10/01 v3.1.6a (3.1.6a)
)) (/Users/pvr/Library/TinyTeX/texmf-dist/tex/latex/xcolor/xcolor.sty
Package: xcolor 2016/05/11 v2.12 LaTeX color extensions (UK)
(/Users/pvr/Library/TinyTeX/texmf-dist/tex/latex/graphics-cfg/color.cfg
File: color.cfg 2016/01/02 v1.6 sample color configuration
)
Package xcolor Info: Driver file: pdftex.def on input line 225.
Package xcolor Info: Model `cmy' substituted by `cmy0' on input line 1348.
Package xcolor Info: Model `hsb' substituted by `rgb' on input line 1352.
Package xcolor Info: Model `RGB' extended on input line 1364.
Package xcolor Info: Model `HTML' substituted by `rgb' on input line 1366.
Package xcolor Info: Model `Hsb' substituted by `hsb' on input line 1367.
Package xcolor Info: Model `tHsb' substituted by `hsb' on input line 1368.
Package xcolor Info: Model `HSB' substituted by `hsb' on input line 1369.
Package xcolor Info: Model `Gray' substituted by `gray' on input line 1370.
Package xcolor Info: Model `wave' substituted by `hsb' on input line 1371.
)
(/Users/pvr/Library/TinyTeX/texmf-dist/tex/generic/pgf/basiclayer/pgfcore.code.
tex
Package: pgfcore 2020/10/01 v3.1.6a (3.1.6a)
(/Users/pvr/Library/TinyTeX/texmf-dist/tex/generic/pgf/math/pgfmath.code.tex
(/Users/pvr/Library/TinyTeX/texmf-dist/tex/generic/pgf/math/pgfmathcalc.code.te
x
(/Users/pvr/Library/TinyTeX/texmf-dist/tex/generic/pgf/math/pgfmathutil.code.te
x)
(/Users/pvr/Library/TinyTeX/texmf-dist/tex/generic/pgf/math/pgfmathparser.code.
tex
\pgfmath@dimen=\dimen176
\pgfmath@count=\count276
\pgfmath@box=\box57
\pgfmath@toks=\toks24
\pgfmath@stack@operand=\toks25
\pgfmath@stack@operation=\toks26
)
(/Users/pvr/Library/TinyTeX/texmf-dist/tex/generic/pgf/math/pgfmathfunctions.co
de.tex
(/Users/pvr/Library/TinyTeX/texmf-dist/tex/generic/pgf/math/pgfmathfunctions.ba
sic.code.tex)
(/Users/pvr/Library/TinyTeX/texmf-dist/tex/generic/pgf/math/pgfmathfunctions.tr
igonometric.code.tex)
(/Users/pvr/Library/TinyTeX/texmf-dist/tex/generic/pgf/math/pgfmathfunctions.ra
ndom.code.tex)
(/Users/pvr/Library/TinyTeX/texmf-dist/tex/generic/pgf/math/pgfmathfunctions.co
mparison.code.tex)
(/Users/pvr/Library/TinyTeX/texmf-dist/tex/generic/pgf/math/pgfmathfunctions.ba
se.code.tex)
(/Users/pvr/Library/TinyTeX/texmf-dist/tex/generic/pgf/math/pgfmathfunctions.ro
und.code.tex)
(/Users/pvr/Library/TinyTeX/texmf-dist/tex/generic/pgf/math/pgfmathfunctions.mi
sc.code.tex)
(/Users/pvr/Library/TinyTeX/texmf-dist/tex/generic/pgf/math/pgfmathfunctions.in
tegerarithmetics.code.tex)))
(/Users/pvr/Library/TinyTeX/texmf-dist/tex/generic/pgf/math/pgfmathfloat.code.t
ex
\c@pgfmathroundto@lastzeros=\count277
)) (/Users/pvr/Library/TinyTeX/texmf-dist/tex/generic/pgf/math/pgfint.code.tex)

(/Users/pvr/Library/TinyTeX/texmf-dist/tex/generic/pgf/basiclayer/pgfcorepoints
.code.tex
File: pgfcorepoints.code.tex 2020/10/01 v3.1.6a (3.1.6a)
\pgf@picminx=\dimen177
\pgf@picmaxx=\dimen178
\pgf@picminy=\dimen179
\pgf@picmaxy=\dimen180
\pgf@pathminx=\dimen181
\pgf@pathmaxx=\dimen182
\pgf@pathminy=\dimen183
\pgf@pathmaxy=\dimen184
\pgf@xx=\dimen185
\pgf@xy=\dimen186
\pgf@yx=\dimen187
\pgf@yy=\dimen188
\pgf@zx=\dimen189
\pgf@zy=\dimen190
)
(/Users/pvr/Library/TinyTeX/texmf-dist/tex/generic/pgf/basiclayer/pgfcorepathco
nstruct.code.tex
File: pgfcorepathconstruct.code.tex 2020/10/01 v3.1.6a (3.1.6a)
\pgf@path@lastx=\dimen191
\pgf@path@lasty=\dimen192
)
(/Users/pvr/Library/TinyTeX/texmf-dist/tex/generic/pgf/basiclayer/pgfcorepathus
age.code.tex
File: pgfcorepathusage.code.tex 2020/10/01 v3.1.6a (3.1.6a)
\pgf@shorten@end@additional=\dimen193
\pgf@shorten@start@additional=\dimen194
)
(/Users/pvr/Library/TinyTeX/texmf-dist/tex/generic/pgf/basiclayer/pgfcorescopes
.code.tex
File: pgfcorescopes.code.tex 2020/10/01 v3.1.6a (3.1.6a)
\pgfpic=\box58
\pgf@hbox=\box59
\pgf@layerbox@main=\box60
\pgf@picture@serial@count=\count278
)
(/Users/pvr/Library/TinyTeX/texmf-dist/tex/generic/pgf/basiclayer/pgfcoregraphi
cstate.code.tex
File: pgfcoregraphicstate.code.tex 2020/10/01 v3.1.6a (3.1.6a)
\pgflinewidth=\dimen195
)
(/Users/pvr/Library/TinyTeX/texmf-dist/tex/generic/pgf/basiclayer/pgfcoretransf
ormations.code.tex
File: pgfcoretransformations.code.tex 2020/10/01 v3.1.6a (3.1.6a)
\pgf@pt@x=\dimen196
\pgf@pt@y=\dimen197
\pgf@pt@temp=\dimen198
)
(/Users/pvr/Library/TinyTeX/texmf-dist/tex/generic/pgf/basiclayer/pgfcorequick.
code.tex
File: pgfcorequick.code.tex 2020/10/01 v3.1.6a (3.1.6a)
)
(/Users/pvr/Library/TinyTeX/texmf-dist/tex/generic/pgf/basiclayer/pgfcoreobject
s.code.tex
File: pgfcoreobjects.code.tex 2020/10/01 v3.1.6a (3.1.6a)
)
(/Users/pvr/Library/TinyTeX/texmf-dist/tex/generic/pgf/basiclayer/pgfcorepathpr
ocessing.code.tex
File: pgfcorepathprocessing.code.tex 2020/10/01 v3.1.6a (3.1.6a)
)
(/Users/pvr/Library/TinyTeX/texmf-dist/tex/generic/pgf/basiclayer/pgfcorearrows
.code.tex
File: pgfcorearrows.code.tex 2020/10/01 v3.1.6a (3.1.6a)
\pgfarrowsep=\dimen199
)
(/Users/pvr/Library/TinyTeX/texmf-dist/tex/generic/pgf/basiclayer/pgfcoreshade.
code.tex
File: pgfcoreshade.code.tex 2020/10/01 v3.1.6a (3.1.6a)
\pgf@max=\dimen256
\pgf@sys@shading@range@num=\count279
\pgf@shadingcount=\count280
)
(/Users/pvr/Library/TinyTeX/texmf-dist/tex/generic/pgf/basiclayer/pgfcoreimage.
code.tex
File: pgfcoreimage.code.tex 2020/10/01 v3.1.6a (3.1.6a)

(/Users/pvr/Library/TinyTeX/texmf-dist/tex/generic/pgf/basiclayer/pgfcoreextern
al.code.tex
File: pgfcoreexternal.code.tex 2020/10/01 v3.1.6a (3.1.6a)
\pgfexternal@startupbox=\box61
))
(/Users/pvr/Library/TinyTeX/texmf-dist/tex/generic/pgf/basiclayer/pgfcorelayers
.code.tex
File: pgfcorelayers.code.tex 2020/10/01 v3.1.6a (3.1.6a)
)
(/Users/pvr/Library/TinyTeX/texmf-dist/tex/generic/pgf/basiclayer/pgfcoretransp
arency.code.tex
File: pgfcoretransparency.code.tex 2020/10/01 v3.1.6a (3.1.6a)
)
(/Users/pvr/Library/TinyTeX/texmf-dist/tex/generic/pgf/basiclayer/pgfcorepatter
ns.code.tex
File: pgfcorepatterns.code.tex 2020/10/01 v3.1.6a (3.1.6a)
)
(/Users/pvr/Library/TinyTeX/texmf-dist/tex/generic/pgf/basiclayer/pgfcorerdf.co
de.tex
File: pgfcorerdf.code.tex 2020/10/01 v3.1.6a (3.1.6a)
))) (/Users/pvr/Library/TinyTeX/texmf-dist/tex/latex/pgf/utilities/xxcolor.sty
Package: xxcolor 2003/10/24 ver 0.1
\XC@nummixins=\count281
\XC@countmixins=\count282
) (/Users/pvr/Library/TinyTeX/texmf-dist/tex/latex/base/atbegshi-ltx.sty
Package: atbegshi-ltx 2020/08/17 v1.0a Emulation of the original atbegshi packa
ge
with kernel methods
) (/Users/pvr/Library/TinyTeX/texmf-dist/tex/latex/hyperref/hyperref.sty
Package: hyperref 2020-05-15 v7.00e Hypertext links for LaTeX
(/Users/pvr/Library/TinyTeX/texmf-dist/tex/generic/ltxcmds/ltxcmds.sty
Package: ltxcmds 2020-05-10 v1.25 LaTeX kernel commands for general use (HO)
) (/Users/pvr/Library/TinyTeX/texmf-dist/tex/generic/pdftexcmds/pdftexcmds.sty
Package: pdftexcmds 2020-06-27 v0.33 Utility functions of pdfTeX for LuaTeX (HO
)
(/Users/pvr/Library/TinyTeX/texmf-dist/tex/generic/infwarerr/infwarerr.sty
Package: infwarerr 2019/12/03 v1.5 Providing info/warning/error messages (HO)
)
Package pdftexcmds Info: \pdf@primitive is available.
Package pdftexcmds Info: \pdf@ifprimitive is available.
Package pdftexcmds Info: \pdfdraftmode found.
) (/Users/pvr/Library/TinyTeX/texmf-dist/tex/generic/kvsetkeys/kvsetkeys.sty
Package: kvsetkeys 2019/12/15 v1.18 Key value parser (HO)
)
(/Users/pvr/Library/TinyTeX/texmf-dist/tex/generic/kvdefinekeys/kvdefinekeys.st
y
Package: kvdefinekeys 2019-12-19 v1.6 Define keys (HO)
) (/Users/pvr/Library/TinyTeX/texmf-dist/tex/generic/pdfescape/pdfescape.sty
Package: pdfescape 2019/12/09 v1.15 Implements pdfTeX's escape features (HO)
) (/Users/pvr/Library/TinyTeX/texmf-dist/tex/latex/hycolor/hycolor.sty
Package: hycolor 2020-01-27 v1.10 Color options for hyperref/bookmark (HO)
) (/Users/pvr/Library/TinyTeX/texmf-dist/tex/latex/letltxmacro/letltxmacro.sty
Package: letltxmacro 2019/12/03 v1.6 Let assignment for LaTeX macros (HO)
) (/Users/pvr/Library/TinyTeX/texmf-dist/tex/latex/auxhook/auxhook.sty
Package: auxhook 2019-12-17 v1.6 Hooks for auxiliary files (HO)
) (/Users/pvr/Library/TinyTeX/texmf-dist/tex/latex/kvoptions/kvoptions.sty
Package: kvoptions 2020-10-07 v3.14 Key value format for package options (HO)
)
\@linkdim=\dimen257
\Hy@linkcounter=\count283
\Hy@pagecounter=\count284
(/Users/pvr/Library/TinyTeX/texmf-dist/tex/latex/hyperref/pd1enc.def
File: pd1enc.def 2020-05-15 v7.00e Hyperref: PDFDocEncoding definition (HO)
Now handling font encoding PD1 ...
... no UTF-8 mapping file for font encoding PD1
) (/Users/pvr/Library/TinyTeX/texmf-dist/tex/generic/intcalc/intcalc.sty
Package: intcalc 2019/12/15 v1.3 Expandable calculations with integers (HO)
) (/Users/pvr/Library/TinyTeX/texmf-dist/tex/generic/etexcmds/etexcmds.sty
Package: etexcmds 2019/12/15 v1.7 Avoid name clashes with e-TeX commands (HO)
)
\Hy@SavedSpaceFactor=\count285
Package hyperref Info: Option `unicode' set `true' on input line 4338.
(/Users/pvr/Library/TinyTeX/texmf-dist/tex/latex/hyperref/puenc.def
File: puenc.def 2020-05-15 v7.00e Hyperref: PDF Unicode definition (HO)
Now handling font encoding PU ...
... no UTF-8 mapping file for font encoding PU
)
Package hyperref Info: Option `bookmarks' set `true' on input line 4338.
Package hyperref Info: Option `bookmarksopen' set `true' on input line 4338.
Package hyperref Info: Option `implicit' set `false' on input line 4338.
Package hyperref Info: Hyper figures OFF on input line 4464.
Package hyperref Info: Link nesting OFF on input line 4469.
Package hyperref Info: Hyper index ON on input line 4472.
Package hyperref Info: Plain pages OFF on input line 4479.
Package hyperref Info: Backreferencing OFF on input line 4484.
Package hyperref Info: Implicit mode OFF; no redefinition of LaTeX internals.
Package hyperref Info: Bookmarks ON on input line 4717.
\c@Hy@tempcnt=\count286
(/Users/pvr/Library/TinyTeX/texmf-dist/tex/latex/url/url.sty
\Urlmuskip=\muskip16
Package: url 2013/09/16  ver 3.4  Verb mode for urls, etc.
)
LaTeX Info: Redefining \url on input line 5076.
\XeTeXLinkMargin=\dimen258
(/Users/pvr/Library/TinyTeX/texmf-dist/tex/generic/bitset/bitset.sty
Package: bitset 2019/12/09 v1.3 Handle bit-vector datatype (HO)
(/Users/pvr/Library/TinyTeX/texmf-dist/tex/generic/bigintcalc/bigintcalc.sty
Package: bigintcalc 2019/12/15 v1.5 Expandable calculations on big integers (HO
)
))
\Fld@menulength=\count287
\Field@Width=\dimen259
\Fld@charsize=\dimen260
Package hyperref Info: Hyper figures OFF on input line 6347.
Package hyperref Info: Link nesting OFF on input line 6352.
Package hyperref Info: Hyper index ON on input line 6355.
Package hyperref Info: backreferencing OFF on input line 6362.
Package hyperref Info: Link coloring OFF on input line 6367.
Package hyperref Info: Link coloring with OCG OFF on input line 6372.
Package hyperref Info: PDF/A mode OFF on input line 6377.
LaTeX Info: Redefining \ref on input line 6417.
LaTeX Info: Redefining \pageref on input line 6421.
\Hy@abspage=\count288

Package hyperref Message: Stopped early.

)
Package hyperref Info: Driver (autodetected): hpdftex.
(/Users/pvr/Library/TinyTeX/texmf-dist/tex/latex/hyperref/hpdftex.def
File: hpdftex.def 2020-05-15 v7.00e Hyperref driver for pdfTeX
(/Users/pvr/Library/TinyTeX/texmf-dist/tex/latex/base/atveryend-ltx.sty
Package: atveryend-ltx 2020/08/19 v1.0a Emulation of the original atvery packag
e
with kernel methods
)
\Fld@listcount=\count289
\c@bookmark@seq@number=\count290

(/Users/pvr/Library/TinyTeX/texmf-dist/tex/latex/rerunfilecheck/rerunfilecheck.
sty
Package: rerunfilecheck 2019/12/05 v1.9 Rerun checks for auxiliary files (HO)

(/Users/pvr/Library/TinyTeX/texmf-dist/tex/generic/uniquecounter/uniquecounter.
sty
Package: uniquecounter 2019/12/15 v1.4 Provide unlimited unique counter (HO)
)
Package uniquecounter Info: New unique counter `rerunfilecheck' on input line 2
86.
)) (/Users/pvr/Library/TinyTeX/texmf-dist/tex/latex/beamer/beamerbaserequires.s
ty
(/Users/pvr/Library/TinyTeX/texmf-dist/tex/latex/beamer/beamerbasecompatibility
.sty) (/Users/pvr/Library/TinyTeX/texmf-dist/tex/latex/beamer/beamerbasefont.st
y (/Users/pvr/Library/TinyTeX/texmf-dist/tex/latex/amsfonts/amssymb.sty
Package: amssymb 2013/01/14 v3.01 AMS font symbols
(/Users/pvr/Library/TinyTeX/texmf-dist/tex/latex/amsfonts/amsfonts.sty
Package: amsfonts 2013/01/14 v3.01 Basic AMSFonts support
\@emptytoks=\toks27
\symAMSa=\mathgroup4
\symAMSb=\mathgroup5
LaTeX Font Info:    Redeclaring math symbol \hbar on input line 98.
LaTeX Font Info:    Overwriting math alphabet `\mathfrak' in version `bold'
(Font)                  U/euf/m/n --> U/euf/b/n on input line 106.
)))
(/Users/pvr/Library/TinyTeX/texmf-dist/tex/latex/beamer/beamerbasetranslator.st
y (/Users/pvr/Library/TinyTeX/texmf-dist/tex/latex/translator/translator.sty
Package: translator 2020-08-03 v1.12c Easy translation of strings in LaTeX
)) (/Users/pvr/Library/TinyTeX/texmf-dist/tex/latex/beamer/beamerbasemisc.sty)
(/Users/pvr/Library/TinyTeX/texmf-dist/tex/latex/beamer/beamerbasetwoscreens.st
y) (/Users/pvr/Library/TinyTeX/texmf-dist/tex/latex/beamer/beamerbaseoverlay.st
y
\beamer@argscount=\count291
\beamer@lastskipcover=\skip50
\beamer@trivlistdepth=\count292
) (/Users/pvr/Library/TinyTeX/texmf-dist/tex/latex/beamer/beamerbasetitle.sty) 
(/Users/pvr/Library/TinyTeX/texmf-dist/tex/latex/beamer/beamerbasesection.sty
\c@lecture=\count293
\c@part=\count294
\c@section=\count295
\c@subsection=\count296
\c@subsubsection=\count297
) (/Users/pvr/Library/TinyTeX/texmf-dist/tex/latex/beamer/beamerbaseframe.sty
\beamer@framebox=\box62
\beamer@frametitlebox=\box63
\beamer@zoombox=\box64
\beamer@zoomcount=\count298
\beamer@zoomframecount=\count299
\beamer@frametextheight=\dimen261
\c@subsectionslide=\count300
\beamer@frametopskip=\skip51
\beamer@framebottomskip=\skip52
\beamer@frametopskipautobreak=\skip53
\beamer@framebottomskipautobreak=\skip54
\beamer@envbody=\toks28
\framewidth=\dimen262
\c@framenumber=\count301
) (/Users/pvr/Library/TinyTeX/texmf-dist/tex/latex/beamer/beamerbaseverbatim.st
y
\beamer@verbatimfileout=\write4
)
(/Users/pvr/Library/TinyTeX/texmf-dist/tex/latex/beamer/beamerbaseframesize.sty
\beamer@splitbox=\box65
\beamer@autobreakcount=\count302
\beamer@autobreaklastheight=\dimen263
\beamer@frametitletoks=\toks29
\beamer@framesubtitletoks=\toks30
)
(/Users/pvr/Library/TinyTeX/texmf-dist/tex/latex/beamer/beamerbaseframecomponen
ts.sty
\beamer@footins=\box66
) (/Users/pvr/Library/TinyTeX/texmf-dist/tex/latex/beamer/beamerbasecolor.sty) 
(/Users/pvr/Library/TinyTeX/texmf-dist/tex/latex/beamer/beamerbasenotes.sty
\beamer@frameboxcopy=\box67
) (/Users/pvr/Library/TinyTeX/texmf-dist/tex/latex/beamer/beamerbasetoc.sty)
(/Users/pvr/Library/TinyTeX/texmf-dist/tex/latex/beamer/beamerbasetemplates.sty
\beamer@sbttoks=\toks31

(/Users/pvr/Library/TinyTeX/texmf-dist/tex/latex/beamer/beamerbaseauxtemplates.
sty (/Users/pvr/Library/TinyTeX/texmf-dist/tex/latex/beamer/beamerbaseboxes.sty
\bmb@box=\box68
\bmb@colorbox=\box69
\bmb@boxshadow=\box70
\bmb@boxshadowball=\box71
\bmb@boxshadowballlarge=\box72
\bmb@temp=\dimen264
\bmb@dima=\dimen265
\bmb@dimb=\dimen266
\bmb@prevheight=\dimen267
)
\beamer@blockheadheight=\dimen268
))
(/Users/pvr/Library/TinyTeX/texmf-dist/tex/latex/beamer/beamerbaselocalstructur
e.sty (/Users/pvr/Library/TinyTeX/texmf-dist/tex/latex/tools/enumerate.sty
Package: enumerate 2015/07/23 v3.00 enumerate extensions (DPC)
\@enLab=\toks32
)
\c@figure=\count303
\c@table=\count304
\abovecaptionskip=\skip55
\belowcaptionskip=\skip56
)
(/Users/pvr/Library/TinyTeX/texmf-dist/tex/latex/beamer/beamerbasenavigation.st
y
\beamer@section@min@dim=\dimen269
) (/Users/pvr/Library/TinyTeX/texmf-dist/tex/latex/beamer/beamerbasetheorems.st
y (/Users/pvr/Library/TinyTeX/texmf-dist/tex/latex/amsmath/amsmath.sty
Package: amsmath 2020/09/23 v2.17i AMS math features
\@mathmargin=\skip57
For additional information on amsmath, use the `?' option.
(/Users/pvr/Library/TinyTeX/texmf-dist/tex/latex/amsmath/amstext.sty
Package: amstext 2000/06/29 v2.01 AMS text
(/Users/pvr/Library/TinyTeX/texmf-dist/tex/latex/amsmath/amsgen.sty
File: amsgen.sty 1999/11/30 v2.0 generic functions
\@emptytoks=\toks33
\ex@=\dimen270
)) (/Users/pvr/Library/TinyTeX/texmf-dist/tex/latex/amsmath/amsbsy.sty
Package: amsbsy 1999/11/29 v1.2d Bold Symbols
\pmbraise@=\dimen271
) (/Users/pvr/Library/TinyTeX/texmf-dist/tex/latex/amsmath/amsopn.sty
Package: amsopn 2016/03/08 v2.02 operator names
)
\inf@bad=\count305
LaTeX Info: Redefining \frac on input line 234.
\uproot@=\count306
\leftroot@=\count307
LaTeX Info: Redefining \overline on input line 399.
\classnum@=\count308
\DOTSCASE@=\count309
LaTeX Info: Redefining \ldots on input line 496.
LaTeX Info: Redefining \dots on input line 499.
LaTeX Info: Redefining \cdots on input line 620.
\Mathstrutbox@=\box73
\strutbox@=\box74
\big@size=\dimen272
LaTeX Font Info:    Redeclaring font encoding OML on input line 743.
LaTeX Font Info:    Redeclaring font encoding OMS on input line 744.
\macc@depth=\count310
\c@MaxMatrixCols=\count311
\dotsspace@=\muskip17
\c@parentequation=\count312
\dspbrk@lvl=\count313
\tag@help=\toks34
\row@=\count314
\column@=\count315
\maxfields@=\count316
\andhelp@=\toks35
\eqnshift@=\dimen273
\alignsep@=\dimen274
\tagshift@=\dimen275
\tagwidth@=\dimen276
\totwidth@=\dimen277
\lineht@=\dimen278
\@envbody=\toks36
\multlinegap=\skip58
\multlinetaggap=\skip59
\mathdisplay@stack=\toks37
LaTeX Info: Redefining \[ on input line 2923.
LaTeX Info: Redefining \] on input line 2924.
) (/Users/pvr/Library/TinyTeX/texmf-dist/tex/latex/amscls/amsthm.sty
Package: amsthm 2020/05/29 v2.20.6
\thm@style=\toks38
\thm@bodyfont=\toks39
\thm@headfont=\toks40
\thm@notefont=\toks41
\thm@headpunct=\toks42
\thm@preskip=\skip60
\thm@postskip=\skip61
\thm@headsep=\skip62
\dth@everypar=\toks43
)
\c@theorem=\count317
) (/Users/pvr/Library/TinyTeX/texmf-dist/tex/latex/beamer/beamerbasethemes.sty)
) (/Users/pvr/Library/TinyTeX/texmf-dist/tex/latex/beamer/beamerthemedefault.st
y
(/Users/pvr/Library/TinyTeX/texmf-dist/tex/latex/beamer/beamerfontthemedefault.
sty)
(/Users/pvr/Library/TinyTeX/texmf-dist/tex/latex/beamer/beamercolorthemedefault
.sty)
(/Users/pvr/Library/TinyTeX/texmf-dist/tex/latex/beamer/beamerinnerthemedefault
.sty
\beamer@dima=\dimen279
\beamer@dimb=\dimen280
)
(/Users/pvr/Library/TinyTeX/texmf-dist/tex/latex/beamer/beamerouterthemedefault
.sty))) (/Users/pvr/Library/TinyTeX/texmf-dist/tex/latex/pgf/utilities/pgfpages
.sty
Package: pgfpages 2011/01/05 ver 0.02
(/Users/pvr/Library/TinyTeX/texmf-dist/tex/latex/tools/calc.sty
Package: calc 2017/05/25 v4.3 Infix arithmetic (KKT,FJ)
\calc@Acount=\count318
\calc@Bcount=\count319
\calc@Adimen=\dimen281
\calc@Bdimen=\dimen282
\calc@Askip=\skip63
\calc@Bskip=\skip64
LaTeX Info: Redefining \setlength on input line 80.
LaTeX Info: Redefining \addtolength on input line 81.
\calc@Ccount=\count320
\calc@Cskip=\skip65
)
\pgf@logicalpages=\count321
\pgf@firstshipout=\count322
\pgf@lastshipout=\count323
\pgf@currentshipout=\count324
\pgf@cpn=\count325
\pgf@shipoutnextto=\count326
\pgfphysicalheight=\dimen283
\pgfphysicalwidth=\dimen284
\pgfpages@shipoutbox=\box75
) (/Users/pvr/Library/TinyTeX/texmf-dist/tex/latex/lm/lmodern.sty
Package: lmodern 2009/10/30 v1.6 Latin Modern Fonts
LaTeX Font Info:    Overwriting symbol font `operators' in version `normal'
(Font)                  OT1/cmr/m/n --> OT1/lmr/m/n on input line 22.
LaTeX Font Info:    Overwriting symbol font `letters' in version `normal'
(Font)                  OML/cmm/m/it --> OML/lmm/m/it on input line 23.
LaTeX Font Info:    Overwriting symbol font `symbols' in version `normal'
(Font)                  OMS/cmsy/m/n --> OMS/lmsy/m/n on input line 24.
LaTeX Font Info:    Overwriting symbol font `largesymbols' in version `normal'
(Font)                  OMX/cmex/m/n --> OMX/lmex/m/n on input line 25.
LaTeX Font Info:    Overwriting symbol font `operators' in version `bold'
(Font)                  OT1/cmr/bx/n --> OT1/lmr/bx/n on input line 26.
LaTeX Font Info:    Overwriting symbol font `letters' in version `bold'
(Font)                  OML/cmm/b/it --> OML/lmm/b/it on input line 27.
LaTeX Font Info:    Overwriting symbol font `symbols' in version `bold'
(Font)                  OMS/cmsy/b/n --> OMS/lmsy/b/n on input line 28.
LaTeX Font Info:    Overwriting symbol font `largesymbols' in version `bold'
(Font)                  OMX/cmex/m/n --> OMX/lmex/m/n on input line 29.
LaTeX Font Info:    Overwriting math alphabet `\mathbf' in version `normal'
(Font)                  OT1/cmr/bx/n --> OT1/lmr/bx/n on input line 31.
LaTeX Font Info:    Overwriting math alphabet `\mathsf' in version `normal'
(Font)                  OT1/cmss/m/n --> OT1/lmss/m/n on input line 32.
LaTeX Font Info:    Overwriting math alphabet `\mathit' in version `normal'
(Font)                  OT1/cmr/m/it --> OT1/lmr/m/it on input line 33.
LaTeX Font Info:    Overwriting math alphabet `\mathtt' in version `normal'
(Font)                  OT1/cmtt/m/n --> OT1/lmtt/m/n on input line 34.
LaTeX Font Info:    Overwriting math alphabet `\mathbf' in version `bold'
(Font)                  OT1/cmr/bx/n --> OT1/lmr/bx/n on input line 35.
LaTeX Font Info:    Overwriting math alphabet `\mathsf' in version `bold'
(Font)                  OT1/cmss/bx/n --> OT1/lmss/bx/n on input line 36.
LaTeX Font Info:    Overwriting math alphabet `\mathit' in version `bold'
(Font)                  OT1/cmr/bx/it --> OT1/lmr/bx/it on input line 37.
LaTeX Font Info:    Overwriting math alphabet `\mathtt' in version `bold'
(Font)                  OT1/cmtt/m/n --> OT1/lmtt/m/n on input line 38.
) (/Users/pvr/Library/TinyTeX/texmf-dist/tex/generic/iftex/ifxetex.sty
Package: ifxetex 2019/10/25 v0.7 ifxetex legacy package. Use iftex instead.
) (/Users/pvr/Library/TinyTeX/texmf-dist/tex/generic/iftex/ifluatex.sty
Package: ifluatex 2019/10/25 v1.5 ifluatex legacy package. Use iftex instead.
) (/Users/pvr/Library/TinyTeX/texmf-dist/tex/latex/base/fontenc.sty
Package: fontenc 2020/08/10 v2.0s Standard LaTeX package
LaTeX Font Info:    Trying to load font information for T1+lmss on input line 1
12.
(/Users/pvr/Library/TinyTeX/texmf-dist/tex/latex/lm/t1lmss.fd
File: t1lmss.fd 2009/10/30 v1.6 Font defs for Latin Modern
)) (/Users/pvr/Library/TinyTeX/texmf-dist/tex/latex/base/inputenc.sty
Package: inputenc 2020/08/01 v1.3d Input encoding file
\inpenc@prehook=\toks44
\inpenc@posthook=\toks45
) (/Users/pvr/Library/TinyTeX/texmf-dist/tex/latex/base/textcomp.sty
Package: textcomp 2020/02/02 v2.0n Standard LaTeX package
) (/Users/pvr/Library/TinyTeX/texmf-dist/tex/latex/upquote/upquote.sty
Package: upquote 2012/04/19 v1.3 upright-quote and grave-accent glyphs in verba
tim
) (/Users/pvr/Library/TinyTeX/texmf-dist/tex/latex/parskip/parskip.sty
Package: parskip 2020-06-15 v2.0f non-zero parskip adjustments
) (/Users/pvr/Library/TinyTeX/texmf-dist/tex/latex/tools/longtable.sty
Package: longtable 2020/01/07 v4.13 Multi-page Table package (DPC)
\LTleft=\skip66
\LTright=\skip67
\LTpre=\skip68
\LTpost=\skip69
\LTchunksize=\count327
\LTcapwidth=\dimen285
\LT@head=\box76
\LT@firsthead=\box77
\LT@foot=\box78
\LT@lastfoot=\box79
\LT@cols=\count328
\LT@rows=\count329
\c@LT@tables=\count330
\c@LT@chunks=\count331
\LT@p@ftn=\toks46
) (/Users/pvr/Library/TinyTeX/texmf-dist/tex/latex/booktabs/booktabs.sty
Package: booktabs 2020/01/12 v1.61803398 Publication quality tables
\heavyrulewidth=\dimen286
\lightrulewidth=\dimen287
\cmidrulewidth=\dimen288
\belowrulesep=\dimen289
\belowbottomsep=\dimen290
\aboverulesep=\dimen291
\abovetopsep=\dimen292
\cmidrulesep=\dimen293
\cmidrulekern=\dimen294
\defaultaddspace=\dimen295
\@cmidla=\count332
\@cmidlb=\count333
\@aboverulesep=\dimen296
\@belowrulesep=\dimen297
\@thisruleclass=\count334
\@lastruleclass=\count335
\@thisrulewidth=\dimen298
) (/Users/pvr/Library/TinyTeX/texmf-dist/tex/latex/caption/caption.sty
Package: caption 2020/09/12 v3.5b Customizing captions (AR)
(/Users/pvr/Library/TinyTeX/texmf-dist/tex/latex/caption/caption3.sty
Package: caption3 2020/09/17 v2.1b caption3 kernel (AR)
\captionmargin=\dimen299
\captionmargin@=\dimen300
\captionwidth=\dimen301
\caption@tempdima=\dimen302
\caption@indent=\dimen303
\caption@parindent=\dimen304
\caption@hangindent=\dimen305
Package caption Info: beamer document class detected.
(/Users/pvr/Library/TinyTeX/texmf-dist/tex/latex/caption/caption-beamer.sto
File: caption-beamer.sto 2020/08/22 v2.0 Adaption of the caption package to the
 beamer document classes (AR)
))
\c@caption@flags=\count336
\c@continuedfloat=\count337
Package caption Info: hyperref package is loaded.
Package caption Info: Hyperref support is turned off
(caption)             because hyperref has stopped early.
Package caption Info: longtable package is loaded.
(/Users/pvr/Library/TinyTeX/texmf-dist/tex/latex/caption/ltcaption.sty
Package: ltcaption 2020/05/30 v1.4b longtable captions (AR)
)) (/Users/pvr/Library/TinyTeX/texmf-dist/tex/latex/float/float.sty
Package: float 2001/11/08 v1.3d Float enhancements (AL)
\c@float@type=\count338
\float@exts=\toks47
\float@box=\box80
\@float@everytoks=\toks48
\@floatcapt=\box81
)
(/Users/pvr/Library/TinyTeX/texmf-dist/tex/latex/l3backend/l3backend-pdftex.def
File: l3backend-pdftex.def 2020-09-24 L3 backend support: PDF output (pdfTeX)
\l__kernel_color_stack_int=\count339
\l__pdf_internal_box=\box82
) (./lbgfs2020_slides_inbreeding.aux)
\openout1 = `lbgfs2020_slides_inbreeding.aux'.

LaTeX Font Info:    Checking defaults for OML/cmm/m/it on input line 100.
LaTeX Font Info:    ... okay on input line 100.
LaTeX Font Info:    Checking defaults for OMS/cmsy/m/n on input line 100.
LaTeX Font Info:    ... okay on input line 100.
LaTeX Font Info:    Checking defaults for OT1/cmr/m/n on input line 100.
LaTeX Font Info:    ... okay on input line 100.
LaTeX Font Info:    Checking defaults for T1/cmr/m/n on input line 100.
LaTeX Font Info:    ... okay on input line 100.
LaTeX Font Info:    Checking defaults for TS1/cmr/m/n on input line 100.
LaTeX Font Info:    ... okay on input line 100.
LaTeX Font Info:    Checking defaults for OMX/cmex/m/n on input line 100.
LaTeX Font Info:    ... okay on input line 100.
LaTeX Font Info:    Checking defaults for U/cmr/m/n on input line 100.
LaTeX Font Info:    ... okay on input line 100.
LaTeX Font Info:    Checking defaults for PD1/pdf/m/n on input line 100.
LaTeX Font Info:    ... okay on input line 100.
LaTeX Font Info:    Checking defaults for PU/pdf/m/n on input line 100.
LaTeX Font Info:    ... okay on input line 100.
*geometry* driver: auto-detecting
*geometry* detected driver: pdftex
*geometry* verbose mode - [ preamble ] result:
* driver: pdftex
* paper: custom
* layout: <same size as paper>
* layoutoffset:(h,v)=(0.0pt,0.0pt)
* modes: includehead includefoot 
* h-part:(L,W,R)=(28.45274pt, 307.28987pt, 28.45274pt)
* v-part:(T,H,B)=(0.0pt, 273.14662pt, 0.0pt)
* \paperwidth=364.19536pt
* \paperheight=273.14662pt
* \textwidth=307.28987pt
* \textheight=244.6939pt
* \oddsidemargin=-43.81725pt
* \evensidemargin=-43.81725pt
* \topmargin=-72.26999pt
* \headheight=14.22636pt
* \headsep=0.0pt
* \topskip=11.0pt
* \footskip=14.22636pt
* \marginparwidth=4.0pt
* \marginparsep=10.0pt
* \columnsep=10.0pt
* \skip\footins=10.0pt plus 4.0pt minus 2.0pt
* \hoffset=0.0pt
* \voffset=0.0pt
* \mag=1000
* \@twocolumnfalse
* \@twosidefalse
* \@mparswitchfalse
* \@reversemarginfalse
* (1in=72.27pt=25.4mm, 1cm=28.453pt)


(/Users/pvr/Library/TinyTeX/texmf-dist/tex/latex/epstopdf-pkg/epstopdf-base.sty
Package: epstopdf-base 2020-01-24 v2.11 Base part for package epstopdf
Package epstopdf-base Info: Redefining graphics rule for `.eps' on input line 4
85.
(/Users/pvr/Library/TinyTeX/texmf-dist/tex/latex/latexconfig/epstopdf-sys.cfg
File: epstopdf-sys.cfg 2010/07/13 v1.3 Configuration of (r)epstopdf for TeX Liv
e
))
Package hyperref Info: Link coloring OFF on input line 100.
(/Users/pvr/Library/TinyTeX/texmf-dist/tex/latex/hyperref/nameref.sty
Package: nameref 2019/09/16 v2.46 Cross-referencing by name of section
(/Users/pvr/Library/TinyTeX/texmf-dist/tex/latex/refcount/refcount.sty
Package: refcount 2019/12/15 v3.6 Data extraction from label references (HO)
)
(/Users/pvr/Library/TinyTeX/texmf-dist/tex/generic/gettitlestring/gettitlestrin
g.sty
Package: gettitlestring 2019/12/15 v1.6 Cleanup title references (HO)
)
\c@section@level=\count340
)
LaTeX Info: Redefining \ref on input line 100.
LaTeX Info: Redefining \pageref on input line 100.
LaTeX Info: Redefining \nameref on input line 100.
(./lbgfs2020_slides_inbreeding.out) (./lbgfs2020_slides_inbreeding.out)
\@outlinefile=\write5
\openout5 = `lbgfs2020_slides_inbreeding.out'.

LaTeX Font Info:    Overwriting symbol font `operators' in version `normal'
(Font)                  OT1/lmr/m/n --> OT1/cmss/m/n on input line 100.
LaTeX Font Info:    Overwriting symbol font `operators' in version `bold'
(Font)                  OT1/lmr/bx/n --> OT1/cmss/b/n on input line 100.
LaTeX Font Info:    Overwriting symbol font `operators' in version `normal'
(Font)                  OT1/cmss/m/n --> OT1/lmss/m/n on input line 100.
LaTeX Font Info:    Overwriting symbol font `operators' in version `bold'
(Font)                  OT1/cmss/b/n --> OT1/lmss/b/n on input line 100.
\symnumbers=\mathgroup6
\sympureletters=\mathgroup7
LaTeX Font Info:    Overwriting math alphabet `\mathrm' in version `normal'
(Font)                  OT1/lmss/m/n --> T1/lmr/m/n on input line 100.
LaTeX Font Info:    Redeclaring math alphabet \mathbf on input line 100.
LaTeX Font Info:    Overwriting math alphabet `\mathbf' in version `normal'
(Font)                  OT1/lmr/bx/n --> T1/lmss/b/n on input line 100.
LaTeX Font Info:    Overwriting math alphabet `\mathbf' in version `bold'
(Font)                  OT1/lmr/bx/n --> T1/lmss/b/n on input line 100.
LaTeX Font Info:    Redeclaring math alphabet \mathsf on input line 100.
LaTeX Font Info:    Overwriting math alphabet `\mathsf' in version `normal'
(Font)                  OT1/lmss/m/n --> T1/lmss/m/n on input line 100.
LaTeX Font Info:    Overwriting math alphabet `\mathsf' in version `bold'
(Font)                  OT1/lmss/bx/n --> T1/lmss/m/n on input line 100.
LaTeX Font Info:    Redeclaring math alphabet \mathit on input line 100.
LaTeX Font Info:    Overwriting math alphabet `\mathit' in version `normal'
(Font)                  OT1/lmr/m/it --> T1/lmss/m/it on input line 100.
LaTeX Font Info:    Overwriting math alphabet `\mathit' in version `bold'
(Font)                  OT1/lmr/bx/it --> T1/lmss/m/it on input line 100.
LaTeX Font Info:    Redeclaring math alphabet \mathtt on input line 100.
LaTeX Font Info:    Overwriting math alphabet `\mathtt' in version `normal'
(Font)                  OT1/lmtt/m/n --> T1/lmtt/m/n on input line 100.
LaTeX Font Info:    Overwriting math alphabet `\mathtt' in version `bold'
(Font)                  OT1/lmtt/m/n --> T1/lmtt/m/n on input line 100.
LaTeX Font Info:    Overwriting symbol font `numbers' in version `bold'
(Font)                  T1/lmss/m/n --> T1/lmss/b/n on input line 100.
LaTeX Font Info:    Overwriting symbol font `pureletters' in version `bold'
(Font)                  T1/lmss/m/it --> T1/lmss/b/it on input line 100.
LaTeX Font Info:    Overwriting math alphabet `\mathrm' in version `bold'
(Font)                  OT1/lmss/b/n --> T1/lmr/b/n on input line 100.
LaTeX Font Info:    Overwriting math alphabet `\mathbf' in version `bold'
(Font)                  T1/lmss/b/n --> T1/lmss/b/n on input line 100.
LaTeX Font Info:    Overwriting math alphabet `\mathsf' in version `bold'
(Font)                  T1/lmss/m/n --> T1/lmss/b/n on input line 100.
LaTeX Font Info:    Overwriting math alphabet `\mathit' in version `bold'
(Font)                  T1/lmss/m/it --> T1/lmss/b/it on input line 100.
LaTeX Font Info:    Overwriting math alphabet `\mathtt' in version `bold'
(Font)                  T1/lmtt/m/n --> T1/lmtt/b/n on input line 100.

(/Users/pvr/Library/TinyTeX/texmf-dist/tex/latex/translator/translator-basic-di
ctionary-English.dict
Dictionary: translator-basic-dictionary, Language: English 
)
(/Users/pvr/Library/TinyTeX/texmf-dist/tex/latex/translator/translator-bibliogr
aphy-dictionary-English.dict
Dictionary: translator-bibliography-dictionary, Language: English 
)
(/Users/pvr/Library/TinyTeX/texmf-dist/tex/latex/translator/translator-environm
ent-dictionary-English.dict
Dictionary: translator-environment-dictionary, Language: English 
)
(/Users/pvr/Library/TinyTeX/texmf-dist/tex/latex/translator/translator-months-d
ictionary-English.dict
Dictionary: translator-months-dictionary, Language: English 
)
(/Users/pvr/Library/TinyTeX/texmf-dist/tex/latex/translator/translator-numbers-
dictionary-English.dict
Dictionary: translator-numbers-dictionary, Language: English 
)
(/Users/pvr/Library/TinyTeX/texmf-dist/tex/latex/translator/translator-theorem-
dictionary-English.dict
Dictionary: translator-theorem-dictionary, Language: English 
)
Package caption Info: Begin \AtBeginDocument code.
Package caption Info: float package is loaded.
Package caption Info: End \AtBeginDocument code.
(./lbgfs2020_slides_inbreeding.nav) [1

{/Users/pvr/Library/TinyTeX/texmf-var/fonts/map/pdftex/updmap/pdftex.map}]
LaTeX Font Info:    Trying to load font information for OT1+lmss on input line 
123.
(/Users/pvr/Library/TinyTeX/texmf-dist/tex/latex/lm/ot1lmss.fd
File: ot1lmss.fd 2009/10/30 v1.6 Font defs for Latin Modern
)
LaTeX Font Info:    Trying to load font information for OML+lmm on input line 1
23.
(/Users/pvr/Library/TinyTeX/texmf-dist/tex/latex/lm/omllmm.fd
File: omllmm.fd 2009/10/30 v1.6 Font defs for Latin Modern
)
LaTeX Font Info:    Trying to load font information for OMS+lmsy on input line 
123.
(/Users/pvr/Library/TinyTeX/texmf-dist/tex/latex/lm/omslmsy.fd
File: omslmsy.fd 2009/10/30 v1.6 Font defs for Latin Modern
)
LaTeX Font Info:    Trying to load font information for OMX+lmex on input line 
123.
(/Users/pvr/Library/TinyTeX/texmf-dist/tex/latex/lm/omxlmex.fd
File: omxlmex.fd 2009/10/30 v1.6 Font defs for Latin Modern
)
LaTeX Font Info:    External font `lmex10' loaded for size
(Font)              <10.95> on input line 123.
LaTeX Font Info:    External font `lmex10' loaded for size
(Font)              <8> on input line 123.
LaTeX Font Info:    External font `lmex10' loaded for size
(Font)              <6> on input line 123.
LaTeX Font Info:    Trying to load font information for U+msa on input line 123
.
(/Users/pvr/Library/TinyTeX/texmf-dist/tex/latex/amsfonts/umsa.fd
File: umsa.fd 2013/01/14 v3.01 AMS symbols A
)
LaTeX Font Info:    Trying to load font information for U+msb on input line 123
.
(/Users/pvr/Library/TinyTeX/texmf-dist/tex/latex/amsfonts/umsb.fd
File: umsb.fd 2013/01/14 v3.01 AMS symbols B
)
LaTeX Font Info:    Font shape `T1/lmss/m/it' in size <10.95> not available
(Font)              Font shape `T1/lmss/m/sl' tried instead on input line 123.
LaTeX Font Info:    Font shape `T1/lmss/m/it' in size <8> not available
(Font)              Font shape `T1/lmss/m/sl' tried instead on input line 123.
LaTeX Font Info:    Font shape `T1/lmss/m/it' in size <6> not available
(Font)              Font shape `T1/lmss/m/sl' tried instead on input line 123.

Package amsmath Warning: Foreign command \over;
(amsmath)                \frac or \genfrac should be used instead
(amsmath)                 on input line 123.

[2

]
\openout4 = `lbgfs2020_slides_inbreeding.vrb'.

(./lbgfs2020_slides_inbreeding.vrb
LaTeX Font Info:    Trying to load font information for T1+lmtt on input line 2
1.
(/Users/pvr/Library/TinyTeX/texmf-dist/tex/latex/lm/t1lmtt.fd
File: t1lmtt.fd 2009/10/30 v1.6 Font defs for Latin Modern
)) [3

]
LaTeX Font Info:    External font `lmex10' loaded for size
(Font)              <5> on input line 174.
LaTeX Font Info:    Font shape `T1/lmss/m/it' in size <5> not available
(Font)              Font shape `T1/lmss/m/sl' tried instead on input line 174.
[4

]
\openout4 = `lbgfs2020_slides_inbreeding.vrb'.

(./lbgfs2020_slides_inbreeding.vrb)
LaTeX Font Info:    External font `lmex10' loaded for size
(Font)              <14.4> on input line 205.
LaTeX Font Info:    External font `lmex10' loaded for size
(Font)              <10> on input line 205.
LaTeX Font Info:    External font `lmex10' loaded for size
(Font)              <7> on input line 205.
LaTeX Font Info:    Font shape `T1/lmss/m/it' in size <14.4> not available
(Font)              Font shape `T1/lmss/m/sl' tried instead on input line 205.
LaTeX Font Info:    Font shape `T1/lmss/m/it' in size <10> not available
(Font)              Font shape `T1/lmss/m/sl' tried instead on input line 205.
LaTeX Font Info:    Font shape `T1/lmss/m/it' in size <7> not available
(Font)              Font shape `T1/lmss/m/sl' tried instead on input line 205.
[5

] [6

]
Overfull \hbox (29.27399pt too wide) detected at line 272
\OT1/lmss/m/n/10.95 (\T1/lmss/m/sl/10.95 D\OT1/lmss/m/n/10.95 )[] = [] \OMS/lms
y/m/n/10.95 ^^@ []\OT1/lmss/m/n/10.95 (\T1/lmss/m/sl/10.95 F[] \OT1/lmss/m/n/10
.95 + \T1/lmss/m/sl/10.95 F[]\OT1/lmss/m/n/10.95 ) = [] \OMS/lmsy/m/n/10.95 ^^@
 []\OT1/lmss/m/n/10.95 ((\T1/lmss/m/sl/10.95 A\OT1/lmss/m/n/10.95 )[] \OMS/lmsy
/m/n/10.95 ^^@ \T1/lmss/m/n/10.95 1 \OT1/lmss/m/n/10.95 + (\T1/lmss/m/sl/10.95 
A\OT1/lmss/m/n/10.95 )[] \OMS/lmsy/m/n/10.95 ^^@ \T1/lmss/m/n/10.95 1\OT1/lmss/
m/n/10.95 ) = \T1/lmss/m/n/10.95 1 \OMS/lmsy/m/n/10.95 ^^@ []\OT1/lmss/m/n/10.9
5 ((\T1/lmss/m/sl/10.95 A\OT1/lmss/m/n/10.95 )[] + (\T1/lmss/m/sl/10.95 A\OT1/l
mss/m/n/10.95 )[])
 []

[7

] [8

] [9

] [10

] [11

]
\tf@nav=\write6
\openout6 = `lbgfs2020_slides_inbreeding.nav'.

\tf@toc=\write7
\openout7 = `lbgfs2020_slides_inbreeding.toc'.

\tf@snm=\write8
\openout8 = `lbgfs2020_slides_inbreeding.snm'.

(./lbgfs2020_slides_inbreeding.aux)
Package rerunfilecheck Info: File `lbgfs2020_slides_inbreeding.out' has not cha
nged.
(rerunfilecheck)             Checksum: D41D8CD98F00B204E9800998ECF8427E;0.
 ) 
Here is how much of TeX's memory you used:
 22553 strings out of 481886
 415537 string characters out of 5931466
 686905 words of memory out of 5000000
 38320 multiletter control sequences out of 15000+600000
 607378 words of font info for 84 fonts, out of 8000000 for 9000
 14 hyphenation exceptions out of 8191
 95i,11n,99p,532b,415s stack positions out of 5000i,500n,10000p,200000b,80000s
{/Users/pvr/Library/TinyTeX/texmf-dist/fonts/enc/dvips/lm/lm-ec.enc}{/Users/p
vr/Library/TinyTeX/texmf-dist/fonts/enc/dvips/lm/lm-mathsy.enc}{/Users/pvr/Libr
ary/TinyTeX/texmf-dist/fonts/enc/dvips/lm/lm-rm.enc}{/Users/pvr/Library/TinyTeX
/texmf-dist/fonts/enc/dvips/lm/lm-mathit.enc}{/Users/pvr/Library/TinyTeX/texmf-
dist/fonts/enc/dvips/lm/lm-mathex.enc}</Users/pvr/Library/TinyTeX/texmf-dist/fo
nts/type1/public/lm/lmex10.pfb></Users/pvr/Library/TinyTeX/texmf-dist/fonts/typ
e1/public/lm/lmmi10.pfb></Users/pvr/Library/TinyTeX/texmf-dist/fonts/type1/publ
ic/lm/lmss10.pfb></Users/pvr/Library/TinyTeX/texmf-dist/fonts/type1/public/lm/l
mss12.pfb></Users/pvr/Library/TinyTeX/texmf-dist/fonts/type1/public/lm/lmss8.pf
b></Users/pvr/Library/TinyTeX/texmf-dist/fonts/type1/public/lm/lmssbx10.pfb></U
sers/pvr/Library/TinyTeX/texmf-dist/fonts/type1/public/lm/lmsso10.pfb></Users/p
vr/Library/TinyTeX/texmf-dist/fonts/type1/public/lm/lmsso12.pfb></Users/pvr/Lib
rary/TinyTeX/texmf-dist/fonts/type1/public/lm/lmsso8.pfb></Users/pvr/Library/Ti
nyTeX/texmf-dist/fonts/type1/public/lm/lmsy10.pfb></Users/pvr/Library/TinyTeX/t
exmf-dist/fonts/type1/public/lm/lmsy6.pfb></Users/pvr/Library/TinyTeX/texmf-dis
t/fonts/type1/public/lm/lmtt10.pfb></Users/pvr/Library/TinyTeX/texmf-dist/fonts
/type1/public/amsfonts/symbols/msam10.pfb>
Output written on lbgfs2020_slides_inbreeding.pdf (11 pages, 179025 bytes).
PDF statistics:
 153 PDF objects out of 1000 (max. 8388607)
 119 compressed objects within 2 object streams
 33 named destinations out of 1000 (max. 500000)
 43 words of extra memory for PDF output out of 10000 (max. 10000000)

